<?xml version="1.0" encoding="UTF-8"?>
<!-- Generated by org.testng.reporters.JUnitReportReporter -->
<testsuite hostname="DESKTOP-ASDS5EB" failures="0" tests="2" name="demo.TestCase" time="9.425" errors="0" timestamp="2024-01-11T00:18:37 IST" skipped="0">
  <testcase classname="demo.TestCase" name="LaunchBrowser" time="5.642"/>
  <system-out/>
  <testcase classname="demo.TestCase" name="LoginFunction" time="3.783"/>
  <system-out/>
</testsuite> <!-- demo.TestCase -->
